<?xml version="1.0" encoding="UTF-8"?>
<testsuite xmlns:xsi="http://www.w3.org/2001/XMLSchema-instance" xsi:noNamespaceSchemaLocation="https://maven.apache.org/surefire/maven-surefire-plugin/xsd/surefire-test-report-3.0.xsd" version="3.0" name="com.mycompany.chess.BoardTest" time="0.214" tests="9" errors="0" skipped="0" failures="1">
  <properties>
[...]
</properties>
  <testcase name="testInvalidMove" classname="com.mycompany.chess.BoardTest" time="0.075">
    <system-out><![CDATA[Invalid move for Pawn
Cannot capture your own piece!
]]></system-out>
  </testcase>
  <testcase name="testMoveKing" classname="com.mycompany.chess.BoardTest" time="0.008">
    <system-out><![CDATA[Invalid move for King
]]></system-out>
  </testcase>
  <testcase name="testMovePawn" classname="com.mycompany.chess.BoardTest" time="0.013">
    <system-out><![CDATA[Not your piece! It's black's turn.
]]></system-out>
  </testcase>
  <testcase name="testMoveRook" classname="com.mycompany.chess.BoardTest" time="0.004">
    <system-out><![CDATA[Invalid move for Rook
]]></system-out>
  </testcase>
  <testcase name="testMoveBishop" classname="com.mycompany.chess.BoardTest" time="0.016">
    <failure message="expected: &lt;true&gt; but was: &lt;false&gt;" type="org.opentest4j.AssertionFailedError"><![CDATA[org.opentest4j.AssertionFailedError: expected: <true> but was: <false>
	at org.junit.jupiter.api.AssertionFailureBuilder.build(AssertionFailureBuilder.java:151)
	at org.junit.jupiter.api.AssertionFailureBuilder.buildAndThrow(AssertionFailureBuilder.java:132)
	at org.junit.jupiter.api.AssertTrue.failNotTrue(AssertTrue.java:63)
	at org.junit.jupiter.api.AssertTrue.assertTrue(AssertTrue.java:36)
	at org.junit.jupiter.api.AssertTrue.assertTrue(AssertTrue.java:31)
	at org.junit.jupiter.api.Assertions.assertTrue(Assertions.java:183)
	at com.mycompany.chess.BoardTest.testMoveBishop(BoardTest.java:88)
	at java.base/java.lang.reflect.Method.invoke(Method.java:580)
	at java.base/java.util.ArrayList.forEach(ArrayList.java:1597)
	at java.base/java.util.ArrayList.forEach(ArrayList.java:1597)
]]></failure>
    <system-out><![CDATA[Invalid move for Bishop
]]></system-out>
  </testcase>
  <testcase name="testMoveQueen" classname="com.mycompany.chess.BoardTest" time="0.004">
    <system-out><![CDATA[Invalid move for Queen
]]></system-out>
  </testcase>
  <testcase name="testMoveKnight" classname="com.mycompany.chess.BoardTest" time="0.003">
    <system-out><![CDATA[Invalid move for Knight
]]></system-out>
  </testcase>
  <testcase name="testCapturePiece" classname="com.mycompany.chess.BoardTest" time="0.004"/>
  <testcase name="testParsePosition" classname="com.mycompany.chess.BoardTest" time="0.003"/>
</testsuite>